[13-Jul-2025 18:26:08 UTC] PHP Warning:  Undefined variable $image_url in C:\Users\chede appliances\Local Sites\sapaad\app\public\wp-content\themes\sapaad\page-academy.php on line 82
[13-Jul-2025 18:26:08 UTC] PHP Warning:  Undefined variable $image_url in C:\Users\chede appliances\Local Sites\sapaad\app\public\wp-content\themes\sapaad\page-academy.php on line 82
[13-Jul-2025 18:26:08 UTC] PHP Warning:  Undefined variable $image_url in C:\Users\chede appliances\Local Sites\sapaad\app\public\wp-content\themes\sapaad\page-academy.php on line 82
[13-Jul-2025 18:43:14 UTC] PHP Warning:  Undefined variable $image_url in C:\Users\chede appliances\Local Sites\sapaad\app\public\wp-content\themes\sapaad\page-academy.php on line 97
[13-Jul-2025 18:43:14 UTC] PHP Warning:  Undefined variable $image_url in C:\Users\chede appliances\Local Sites\sapaad\app\public\wp-content\themes\sapaad\page-academy.php on line 97
[13-Jul-2025 18:43:14 UTC] PHP Warning:  Undefined variable $image_url in C:\Users\chede appliances\Local Sites\sapaad\app\public\wp-content\themes\sapaad\page-academy.php on line 97
[13-Jul-2025 18:44:27 UTC] PHP Warning:  Array to string conversion in C:\Users\chede appliances\Local Sites\sapaad\app\public\wp-content\plugins\advanced-custom-fields-pro\includes\api\api-template.php on line 726
[13-Jul-2025 18:44:27 UTC] PHP Warning:  Array to string conversion in C:\Users\chede appliances\Local Sites\sapaad\app\public\wp-content\plugins\advanced-custom-fields-pro\includes\api\api-template.php on line 726
[13-Jul-2025 18:44:27 UTC] PHP Warning:  Undefined variable $image_url in C:\Users\chede appliances\Local Sites\sapaad\app\public\wp-content\themes\sapaad\page-academy.php on line 89
[13-Jul-2025 18:44:27 UTC] PHP Warning:  Undefined variable $image_url in C:\Users\chede appliances\Local Sites\sapaad\app\public\wp-content\themes\sapaad\page-academy.php on line 89
[13-Jul-2025 18:44:27 UTC] PHP Warning:  Undefined variable $image_url in C:\Users\chede appliances\Local Sites\sapaad\app\public\wp-content\themes\sapaad\page-academy.php on line 89
[13-Jul-2025 18:45:33 UTC] PHP Warning:  Undefined variable $image_url in C:\Users\chede appliances\Local Sites\sapaad\app\public\wp-content\themes\sapaad\page-academy.php on line 89
[13-Jul-2025 18:45:33 UTC] PHP Warning:  Undefined variable $image_url in C:\Users\chede appliances\Local Sites\sapaad\app\public\wp-content\themes\sapaad\page-academy.php on line 89
[13-Jul-2025 18:45:33 UTC] PHP Warning:  Undefined variable $image_url in C:\Users\chede appliances\Local Sites\sapaad\app\public\wp-content\themes\sapaad\page-academy.php on line 89
[13-Jul-2025 18:45:47 UTC] PHP Warning:  Undefined variable $image_url in C:\Users\chede appliances\Local Sites\sapaad\app\public\wp-content\themes\sapaad\page-academy.php on line 87
[13-Jul-2025 18:45:47 UTC] PHP Warning:  Undefined variable $image_url in C:\Users\chede appliances\Local Sites\sapaad\app\public\wp-content\themes\sapaad\page-academy.php on line 87
[13-Jul-2025 18:45:47 UTC] PHP Warning:  Undefined variable $image_url in C:\Users\chede appliances\Local Sites\sapaad\app\public\wp-content\themes\sapaad\page-academy.php on line 87
[13-Jul-2025 18:46:22 UTC] PHP Warning:  Undefined variable $image_url in C:\Users\chede appliances\Local Sites\sapaad\app\public\wp-content\themes\sapaad\page-academy.php on line 89
[13-Jul-2025 18:46:22 UTC] PHP Warning:  Undefined variable $image_url in C:\Users\chede appliances\Local Sites\sapaad\app\public\wp-content\themes\sapaad\page-academy.php on line 89
[13-Jul-2025 18:46:22 UTC] PHP Warning:  Undefined variable $image_url in C:\Users\chede appliances\Local Sites\sapaad\app\public\wp-content\themes\sapaad\page-academy.php on line 89
[13-Jul-2025 18:47:08 UTC] PHP Warning:  Undefined variable $image_url in C:\Users\chede appliances\Local Sites\sapaad\app\public\wp-content\themes\sapaad\page-academy.php on line 89
[13-Jul-2025 18:47:08 UTC] PHP Warning:  Undefined variable $image_url in C:\Users\chede appliances\Local Sites\sapaad\app\public\wp-content\themes\sapaad\page-academy.php on line 89
[13-Jul-2025 18:47:08 UTC] PHP Warning:  Undefined variable $image_url in C:\Users\chede appliances\Local Sites\sapaad\app\public\wp-content\themes\sapaad\page-academy.php on line 89
[13-Jul-2025 18:48:18 UTC] PHP Warning:  Undefined variable $image_url in C:\Users\chede appliances\Local Sites\sapaad\app\public\wp-content\themes\sapaad\page-academy.php on line 89
[13-Jul-2025 18:48:18 UTC] PHP Warning:  Undefined variable $image_url in C:\Users\chede appliances\Local Sites\sapaad\app\public\wp-content\themes\sapaad\page-academy.php on line 89
[13-Jul-2025 18:48:18 UTC] PHP Warning:  Undefined variable $image_url in C:\Users\chede appliances\Local Sites\sapaad\app\public\wp-content\themes\sapaad\page-academy.php on line 89
[13-Jul-2025 18:48:47 UTC] PHP Warning:  Undefined variable $image_url in C:\Users\chede appliances\Local Sites\sapaad\app\public\wp-content\themes\sapaad\page-academy.php on line 89
[13-Jul-2025 18:48:47 UTC] PHP Warning:  Undefined variable $image_url in C:\Users\chede appliances\Local Sites\sapaad\app\public\wp-content\themes\sapaad\page-academy.php on line 89
[13-Jul-2025 18:48:47 UTC] PHP Warning:  Undefined variable $image_url in C:\Users\chede appliances\Local Sites\sapaad\app\public\wp-content\themes\sapaad\page-academy.php on line 89
[13-Jul-2025 18:49:10 UTC] PHP Warning:  Undefined variable $image_url in C:\Users\chede appliances\Local Sites\sapaad\app\public\wp-content\themes\sapaad\page-academy.php on line 89
[13-Jul-2025 18:49:10 UTC] PHP Warning:  Undefined variable $image_url in C:\Users\chede appliances\Local Sites\sapaad\app\public\wp-content\themes\sapaad\page-academy.php on line 89
[13-Jul-2025 18:49:10 UTC] PHP Warning:  Undefined variable $image_url in C:\Users\chede appliances\Local Sites\sapaad\app\public\wp-content\themes\sapaad\page-academy.php on line 89
[13-Jul-2025 18:50:12 UTC] PHP Warning:  Undefined variable $image_url in C:\Users\chede appliances\Local Sites\sapaad\app\public\wp-content\themes\sapaad\page-academy.php on line 91
[13-Jul-2025 18:50:12 UTC] PHP Warning:  Undefined variable $image_url in C:\Users\chede appliances\Local Sites\sapaad\app\public\wp-content\themes\sapaad\page-academy.php on line 91
[13-Jul-2025 18:50:12 UTC] PHP Warning:  Undefined variable $image_url in C:\Users\chede appliances\Local Sites\sapaad\app\public\wp-content\themes\sapaad\page-academy.php on line 91
[13-Jul-2025 18:50:39 UTC] PHP Warning:  Undefined variable $image_url in C:\Users\chede appliances\Local Sites\sapaad\app\public\wp-content\themes\sapaad\page-academy.php on line 91
[13-Jul-2025 18:50:39 UTC] PHP Warning:  Undefined variable $image_url in C:\Users\chede appliances\Local Sites\sapaad\app\public\wp-content\themes\sapaad\page-academy.php on line 91
[13-Jul-2025 18:50:39 UTC] PHP Warning:  Undefined variable $image_url in C:\Users\chede appliances\Local Sites\sapaad\app\public\wp-content\themes\sapaad\page-academy.php on line 91
[14-Jul-2025 12:44:56 UTC] PHP Warning:  Undefined variable $popular_videos in C:\Users\chede appliances\Local Sites\sapaad\app\public\wp-content\themes\sapaad\taxonomy-collection.php on line 38
[14-Jul-2025 12:44:56 UTC] PHP Fatal error:  Uncaught Error: Call to a member function have_posts() on null in C:\Users\chede appliances\Local Sites\sapaad\app\public\wp-content\themes\sapaad\taxonomy-collection.php:38
Stack trace:
#0 C:\Users\chede appliances\Local Sites\sapaad\app\public\wp-includes\template-loader.php(106): include()
#1 C:\Users\chede appliances\Local Sites\sapaad\app\public\wp-blog-header.php(19): require_once('C:\\Users\\chede ...')
#2 C:\Users\chede appliances\Local Sites\sapaad\app\public\index.php(17): require('C:\\Users\\chede ...')
#3 {main}
  thrown in C:\Users\chede appliances\Local Sites\sapaad\app\public\wp-content\themes\sapaad\taxonomy-collection.php on line 38
[14-Jul-2025 16:49:42 UTC] PHP Warning:  Undefined variable $yt_url in C:\Users\chede appliances\Local Sites\sapaad\app\public\wp-content\themes\sapaad\taxonomy-collection.php on line 36
[14-Jul-2025 16:49:42 UTC] PHP Warning:  Undefined variable $yt_url in C:\Users\chede appliances\Local Sites\sapaad\app\public\wp-content\themes\sapaad\taxonomy-collection.php on line 40
[14-Jul-2025 16:49:42 UTC] PHP Warning:  Undefined variable $yt_url in C:\Users\chede appliances\Local Sites\sapaad\app\public\wp-content\themes\sapaad\taxonomy-collection.php on line 36
[14-Jul-2025 16:49:42 UTC] PHP Warning:  Undefined variable $yt_url in C:\Users\chede appliances\Local Sites\sapaad\app\public\wp-content\themes\sapaad\taxonomy-collection.php on line 40
[14-Jul-2025 16:49:42 UTC] PHP Warning:  Undefined variable $yt_url in C:\Users\chede appliances\Local Sites\sapaad\app\public\wp-content\themes\sapaad\taxonomy-collection.php on line 36
[14-Jul-2025 16:49:42 UTC] PHP Warning:  Undefined variable $yt_url in C:\Users\chede appliances\Local Sites\sapaad\app\public\wp-content\themes\sapaad\taxonomy-collection.php on line 40
[14-Jul-2025 17:35:29 UTC] PHP Warning:  Undefined variable $mobile_image in C:\Users\chede appliances\Local Sites\sapaad\app\public\wp-content\themes\sapaad\page-academy.php on line 35
[14-Jul-2025 17:50:04 UTC] PHP Warning:  Trying to access array offset on value of type null in C:\Users\chede appliances\Local Sites\sapaad\app\public\wp-content\themes\sapaad\page-academy.php on line 97
[14-Jul-2025 17:50:04 UTC] PHP Warning:  Trying to access array offset on value of type null in C:\Users\chede appliances\Local Sites\sapaad\app\public\wp-content\themes\sapaad\page-academy.php on line 97
[14-Jul-2025 17:50:04 UTC] PHP Warning:  Trying to access array offset on value of type null in C:\Users\chede appliances\Local Sites\sapaad\app\public\wp-content\themes\sapaad\page-academy.php on line 97
[14-Jul-2025 17:50:04 UTC] PHP Warning:  Trying to access array offset on value of type null in C:\Users\chede appliances\Local Sites\sapaad\app\public\wp-content\themes\sapaad\page-academy.php on line 97
[14-Jul-2025 17:50:04 UTC] PHP Warning:  Trying to access array offset on value of type null in C:\Users\chede appliances\Local Sites\sapaad\app\public\wp-content\themes\sapaad\page-academy.php on line 97
[14-Jul-2025 17:50:04 UTC] PHP Warning:  Trying to access array offset on value of type null in C:\Users\chede appliances\Local Sites\sapaad\app\public\wp-content\themes\sapaad\page-academy.php on line 97
[14-Jul-2025 17:50:04 UTC] PHP Warning:  Trying to access array offset on value of type null in C:\Users\chede appliances\Local Sites\sapaad\app\public\wp-content\themes\sapaad\page-academy.php on line 97
[14-Jul-2025 17:50:04 UTC] PHP Warning:  Trying to access array offset on value of type null in C:\Users\chede appliances\Local Sites\sapaad\app\public\wp-content\themes\sapaad\page-academy.php on line 97
[14-Jul-2025 17:50:04 UTC] PHP Warning:  Trying to access array offset on value of type null in C:\Users\chede appliances\Local Sites\sapaad\app\public\wp-content\themes\sapaad\page-academy.php on line 97
[14-Jul-2025 17:50:04 UTC] PHP Warning:  Trying to access array offset on value of type null in C:\Users\chede appliances\Local Sites\sapaad\app\public\wp-content\themes\sapaad\page-academy.php on line 97
[14-Jul-2025 17:50:04 UTC] PHP Warning:  Trying to access array offset on value of type null in C:\Users\chede appliances\Local Sites\sapaad\app\public\wp-content\themes\sapaad\page-academy.php on line 97
[14-Jul-2025 17:50:08 UTC] PHP Warning:  Trying to access array offset on value of type null in C:\Users\chede appliances\Local Sites\sapaad\app\public\wp-content\themes\sapaad\page-academy.php on line 97
[14-Jul-2025 17:50:08 UTC] PHP Warning:  Trying to access array offset on value of type null in C:\Users\chede appliances\Local Sites\sapaad\app\public\wp-content\themes\sapaad\page-academy.php on line 97
[14-Jul-2025 17:50:08 UTC] PHP Warning:  Trying to access array offset on value of type null in C:\Users\chede appliances\Local Sites\sapaad\app\public\wp-content\themes\sapaad\page-academy.php on line 97
[14-Jul-2025 17:50:08 UTC] PHP Warning:  Trying to access array offset on value of type null in C:\Users\chede appliances\Local Sites\sapaad\app\public\wp-content\themes\sapaad\page-academy.php on line 97
[14-Jul-2025 17:50:08 UTC] PHP Warning:  Trying to access array offset on value of type null in C:\Users\chede appliances\Local Sites\sapaad\app\public\wp-content\themes\sapaad\page-academy.php on line 97
[14-Jul-2025 17:50:08 UTC] PHP Warning:  Trying to access array offset on value of type null in C:\Users\chede appliances\Local Sites\sapaad\app\public\wp-content\themes\sapaad\page-academy.php on line 97
[14-Jul-2025 17:50:08 UTC] PHP Warning:  Trying to access array offset on value of type null in C:\Users\chede appliances\Local Sites\sapaad\app\public\wp-content\themes\sapaad\page-academy.php on line 97
[14-Jul-2025 17:50:08 UTC] PHP Warning:  Trying to access array offset on value of type null in C:\Users\chede appliances\Local Sites\sapaad\app\public\wp-content\themes\sapaad\page-academy.php on line 97
[14-Jul-2025 17:50:08 UTC] PHP Warning:  Trying to access array offset on value of type null in C:\Users\chede appliances\Local Sites\sapaad\app\public\wp-content\themes\sapaad\page-academy.php on line 97
[14-Jul-2025 17:50:08 UTC] PHP Warning:  Trying to access array offset on value of type null in C:\Users\chede appliances\Local Sites\sapaad\app\public\wp-content\themes\sapaad\page-academy.php on line 97
[14-Jul-2025 17:50:08 UTC] PHP Warning:  Trying to access array offset on value of type null in C:\Users\chede appliances\Local Sites\sapaad\app\public\wp-content\themes\sapaad\page-academy.php on line 97
